2025. 2. 6. 13:45:01 - log: Load engine in C:\ProgramData\cocos\editors\Creator\3.8.5\resources\resources\3d\engine
2025. 2. 6. 13:45:01 - log: Profile changed: engine (modules.includeModules: 2d,animation,audio,base,custom-pipeline,dragon-bones,gfx-webgl,gfx-webgl2,intersection-2d,particle-2d,physics-2d-box2d,profiler,spine,tiled-map,tween,ui,video,webview)
2025. 2. 6. 13:45:01 - log: Register native engine in C:\ProgramData\cocos\editors\Creator\3.8.5\resources\resources\3d\engine\native
2025. 2. 6. 13:45:01 - log: Request namespace: device-list
2025. 2. 6. 13:45:18 - log: [Scene] meshopt wasm decoder initialized
2025. 2. 6. 13:45:18 - log: [Scene] [box2d]:box2d wasm lib loaded.
2025. 2. 6. 13:45:18 - log: [Scene] [bullet]:bullet wasm lib loaded.
2025. 2. 6. 13:45:18 - log: [Scene] [PHYSICS]: using builtin.
2025. 2. 6. 13:45:18 - log: [Scene] Cocos Creator v3.8.5
2025. 2. 6. 13:45:18 - log: [Scene] Using custom pipeline: Builtin
2025. 2. 6. 13:45:18 - log: [Scene] [PHYSICS2D]: switch from box2d-wasm to box2d.
2025. 2. 6. 13:45:54 - log: [Scene] meshopt wasm decoder initialized
2025. 2. 6. 13:45:54 - log: [Scene] [bullet]:bullet wasm lib loaded.
2025. 2. 6. 13:45:54 - log: [Scene] [box2d]:box2d wasm lib loaded.
2025. 2. 6. 13:45:54 - log: [Scene] [PHYSICS]: using builtin.
2025. 2. 6. 13:45:54 - log: [Scene] Cocos Creator v3.8.5
2025. 2. 6. 13:45:54 - log: [Scene] Using custom pipeline: Builtin
2025. 2. 6. 13:45:54 - log: [Scene] [PHYSICS2D]: switch from box2d-wasm to box2d.
2025. 2. 6. 13:45:57 - log: [Scene] meshopt wasm decoder initialized
2025. 2. 6. 13:45:57 - log: [Scene] [bullet]:bullet wasm lib loaded.
2025. 2. 6. 13:45:57 - log: [Scene] [box2d]:box2d wasm lib loaded.
2025. 2. 6. 13:45:57 - log: [Scene] [PHYSICS]: using builtin.
2025. 2. 6. 13:45:57 - log: [Scene] Cocos Creator v3.8.5
2025. 2. 6. 13:45:57 - log: [Scene] Using custom pipeline: Builtin
2025. 2. 6. 13:45:57 - log: [Scene] [PHYSICS2D]: switch from box2d-wasm to box2d.
2025. 2. 6. 13:45:58 - error: [Window] Refresh hierarchy nodes but return nothing.Error: [Window] Refresh hierarchy nodes but return nothing.
    at Object.reset (C:\ProgramData\cocos\editors\Creator\3.8.5\resources\app.asar\modules\editor-extensions\extensions\hierarchy\dist\components\tree-data.ccc:1:2285)
    at async VueComponent.refresh (C:\ProgramData\cocos\editors\Creator\3.8.5\resources\app.asar\modules\editor-extensions\extensions\hierarchy\dist\components\tree.ccc:1:1984)
2025. 2. 6. 13:50:24 - info: [Window] Download the Vue Devtools extension for a better development experience:
https://github.com/vuejs/vue-devtools
2025. 2. 6. 13:50:24 - info: [Window] You are running Vue in development mode.
Make sure to turn on production mode when deploying for production.
See more tips at https://vuejs.org/guide/deployment.html
2025. 2. 6. 14:00:41 - warn: [Assets] Please set the application in {preferences} -> {program} -> {scriptEditor} to better open the scriptWarn: [Assets] Please set the application in {preferences} -> {program} -> {scriptEditor} to better open the script
    at console.warn (C:\ProgramData\cocos\editors\Creator\3.8.5\resources\app.asar\node_modules\@sentry\src\instrument\console.ts:40:20)
    at NewConsole.warn (C:\ProgramData\cocos\editors\Creator\3.8.5\resources\app.asar\builtin\asset-db\dist\worker\console.ccc:1:1510)
    at findVsCode (C:\ProgramData\cocos\editors\Creator\3.8.5\resources\app.asar\modules\engine-extensions\extensions\engine-extends\dist\handler\utils.ccc:1:3546)
    at Object.openCode [as open] (C:\ProgramData\cocos\editors\Creator\3.8.5\resources\app.asar\modules\engine-extensions\extensions\engine-extends\dist\handler\utils.ccc:1:3282)
    at Ipc.<anonymous> (C:\ProgramData\cocos\editors\Creator\3.8.5\resources\app.asar\builtin\asset-db\dist\worker\ipc.ccc:1:530)
2025. 2. 6. 14:01:59 - warn: [Assets] Please set the application in {preferences} -> {program} -> {scriptEditor} to better open the scriptWarn: [Assets] Please set the application in {preferences} -> {program} -> {scriptEditor} to better open the script
    at console.warn (C:\ProgramData\cocos\editors\Creator\3.8.5\resources\app.asar\node_modules\@sentry\src\instrument\console.ts:40:20)
    at NewConsole.warn (C:\ProgramData\cocos\editors\Creator\3.8.5\resources\app.asar\builtin\asset-db\dist\worker\console.ccc:1:1510)
    at findVsCode (C:\ProgramData\cocos\editors\Creator\3.8.5\resources\app.asar\modules\engine-extensions\extensions\engine-extends\dist\handler\utils.ccc:1:3546)
    at Object.openCode [as open] (C:\ProgramData\cocos\editors\Creator\3.8.5\resources\app.asar\modules\engine-extensions\extensions\engine-extends\dist\handler\utils.ccc:1:3282)
    at Ipc.<anonymous> (C:\ProgramData\cocos\editors\Creator\3.8.5\resources\app.asar\builtin\asset-db\dist\worker\ipc.ccc:1:530)
2025. 2. 6. 14:02:06 - warn: [Assets] Please set the application in {preferences} -> {program} -> {scriptEditor} to better open the scriptWarn: [Assets] Please set the application in {preferences} -> {program} -> {scriptEditor} to better open the script
    at console.warn (C:\ProgramData\cocos\editors\Creator\3.8.5\resources\app.asar\node_modules\@sentry\src\instrument\console.ts:40:20)
    at NewConsole.warn (C:\ProgramData\cocos\editors\Creator\3.8.5\resources\app.asar\builtin\asset-db\dist\worker\console.ccc:1:1510)
    at findVsCode (C:\ProgramData\cocos\editors\Creator\3.8.5\resources\app.asar\modules\engine-extensions\extensions\engine-extends\dist\handler\utils.ccc:1:3546)
    at Object.openCode [as open] (C:\ProgramData\cocos\editors\Creator\3.8.5\resources\app.asar\modules\engine-extensions\extensions\engine-extends\dist\handler\utils.ccc:1:3282)
    at Ipc.<anonymous> (C:\ProgramData\cocos\editors\Creator\3.8.5\resources\app.asar\builtin\asset-db\dist\worker\ipc.ccc:1:530)
2025. 2. 6. 14:02:27 - warn: [Assets] Please set the application in {preferences} -> {program} -> {scriptEditor} to better open the scriptWarn: [Assets] Please set the application in {preferences} -> {program} -> {scriptEditor} to better open the script
    at console.warn (C:\ProgramData\cocos\editors\Creator\3.8.5\resources\app.asar\node_modules\@sentry\src\instrument\console.ts:40:20)
    at NewConsole.warn (C:\ProgramData\cocos\editors\Creator\3.8.5\resources\app.asar\builtin\asset-db\dist\worker\console.ccc:1:1510)
    at findVsCode (C:\ProgramData\cocos\editors\Creator\3.8.5\resources\app.asar\modules\engine-extensions\extensions\engine-extends\dist\handler\utils.ccc:1:3546)
    at Object.openCode [as open] (C:\ProgramData\cocos\editors\Creator\3.8.5\resources\app.asar\modules\engine-extensions\extensions\engine-extends\dist\handler\utils.ccc:1:3282)
    at Ipc.<anonymous> (C:\ProgramData\cocos\editors\Creator\3.8.5\resources\app.asar\builtin\asset-db\dist\worker\ipc.ccc:1:530)
2025. 2. 6. 14:02:59 - warn: [Scene] Missing class: 9e2caMeYzFGm6FLEMS8fAn8Error: [Scene] Missing class: 9e2caMeYzFGm6FLEMS8fAn8
    at console.warn (C:\ProgramData\cocos\editors\Creator\3.8.5\resources\app.asar\node_modules\@sentry\src\instrument\console.ts:40:20)
    at Object.classFinder (C:\ProgramData\cocos\editors\Creator\3.8.5\resources\app.asar\builtin\engine\dist\editor-extends\missing-reporter\missing-class-reporter.ccc:7:982)
    at _Deserializer.classFinder [as _classFinder] (C:\ProgramData\cocos\editors\Creator\3.8.5\resources\resources\3d\engine\bin\.cache\dev\editor\bundled\index.js:117745:34)
    at _Deserializer._deserializeTypeTaggedObject (C:\ProgramData\cocos\editors\Creator\3.8.5\resources\resources\3d\engine\bin\.cache\dev\editor\bundled\index.js:52497:30)
    at _Deserializer._deserializeObject (C:\ProgramData\cocos\editors\Creator\3.8.5\resources\resources\3d\engine\bin\.cache\dev\editor\bundled\index.js:52451:29)
    at _Deserializer._deserializeAndAssignField (C:\ProgramData\cocos\editors\Creator\3.8.5\resources\resources\3d\engine\bin\.cache\dev\editor\bundled\index.js:52618:38)
    at _Deserializer._deserializeArray (C:\ProgramData\cocos\editors\Creator\3.8.5\resources\resources\3d\engine\bin\.cache\dev\editor\bundled\index.js:52479:40)
    at _Deserializer._deserializeObject (C:\ProgramData\cocos\editors\Creator\3.8.5\resources\resources\3d\engine\bin\.cache\dev\editor\bundled\index.js:52457:29)
    at _Deserializer._deserializeAndAssignField (C:\ProgramData\cocos\editors\Creator\3.8.5\resources\resources\3d\engine\bin\.cache\dev\editor\bundled\index.js:52630:36)
    at eval (C:\ProgramData\cocos\editors\Creator\3.8.5\resources\resources\3d\engine\bin\.cache\dev\editor\bundled\index.js:52219:15)
    at _Deserializer._deserializeFireClass (C:\ProgramData\cocos\editors\Creator\3.8.5\resources\resources\3d\engine\bin\.cache\dev\editor\bundled\index.js:52601:11)
    at _Deserializer._deserializeInto (C:\ProgramData\cocos\editors\Creator\3.8.5\resources\resources\3d\engine\bin\.cache\dev\editor\bundled\index.js:52543:18)
    at _Deserializer._deserializeTypeTaggedObject (C:\ProgramData\cocos\editors\Creator\3.8.5\resources\resources\3d\engine\bin\.cache\dev\editor\bundled\index.js:52515:18)
    at _Deserializer._deserializeObject (C:\ProgramData\cocos\editors\Creator\3.8.5\resources\resources\3d\engine\bin\.cache\dev\editor\bundled\index.js:52451:29)
    at _Deserializer._deserializeAndAssignField (C:\ProgramData\cocos\editors\Creator\3.8.5\resources\resources\3d\engine\bin\.cache\dev\editor\bundled\index.js:52618:38)
    at _Deserializer._deserializeArray (C:\ProgramData\cocos\editors\Creator\3.8.5\resources\resources\3d\engine\bin\.cache\dev\editor\bundled\index.js:52479:40)
    at _Deserializer._deserializeObject (C:\ProgramData\cocos\editors\Creator\3.8.5\resources\resources\3d\engine\bin\.cache\dev\editor\bundled\index.js:52457:29)
    at _Deserializer._deserializeAndAssignField (C:\ProgramData\cocos\editors\Creator\3.8.5\resources\resources\3d\engine\bin\.cache\dev\editor\bundled\index.js:52630:36)
    at eval (C:\ProgramData\cocos\editors\Creator\3.8.5\resources\resources\3d\engine\bin\.cache\dev\editor\bundled\index.js:52219:15)
    at _Deserializer._deserializeFireClass (C:\ProgramData\cocos\editors\Creator\3.8.5\resources\resources\3d\engine\bin\.cache\dev\editor\bundled\index.js:52601:11)
    at _Deserializer._deserializeInto (C:\ProgramData\cocos\editors\Creator\3.8.5\resources\resources\3d\engine\bin\.cache\dev\editor\bundled\index.js:52543:18)
    at _Deserializer._deserializeTypeTaggedObject (C:\ProgramData\cocos\editors\Creator\3.8.5\resources\resources\3d\engine\bin\.cache\dev\editor\bundled\index.js:52515:18)
    at _Deserializer._deserializeObject (C:\ProgramData\cocos\editors\Creator\3.8.5\resources\resources\3d\engine\bin\.cache\dev\editor\bundled\index.js:52451:29)
    at _Deserializer._deserializeAndAssignField (C:\ProgramData\cocos\editors\Creator\3.8.5\resources\resources\3d\engine\bin\.cache\dev\editor\bundled\index.js:52618:38)
    at _Deserializer._deserializeArray (C:\ProgramData\cocos\editors\Creator\3.8.5\resources\resources\3d\engine\bin\.cache\dev\editor\bundled\index.js:52479:40)
    at _Deserializer._deserializeObject (C:\ProgramData\cocos\editors\Creator\3.8.5\resources\resources\3d\engine\bin\.cache\dev\editor\bundled\index.js:52457:29)
    at _Deserializer._deserializeAndAssignField (C:\ProgramData\cocos\editors\Creator\3.8.5\resources\resources\3d\engine\bin\.cache\dev\editor\bundled\index.js:52630:36)
    at eval (C:\ProgramData\cocos\editors\Creator\3.8.5\resources\resources\3d\engine\bin\.cache\dev\editor\bundled\index.js:52219:15)
    at _Deserializer._deserializeFireClass (C:\ProgramData\cocos\editors\Creator\3.8.5\resources\resources\3d\engine\bin\.cache\dev\editor\bundled\index.js:52601:11)
    at _Deserializer._deserializeInto (C:\ProgramData\cocos\editors\Creator\3.8.5\resources\resources\3d\engine\bin\.cache\dev\editor\bundled\index.js:52543:18)
    at _Deserializer._deserializeTypeTaggedObject (C:\ProgramData\cocos\editors\Creator\3.8.5\resources\resources\3d\engine\bin\.cache\dev\editor\bundled\index.js:52515:18)
    at _Deserializer._deserializeObject (C:\ProgramData\cocos\editors\Creator\3.8.5\resources\resources\3d\engine\bin\.cache\dev\editor\bundled\index.js:52451:29)
    at _Deserializer._deserializeAndAssignField (C:\ProgramData\cocos\editors\Creator\3.8.5\resources\resources\3d\engine\bin\.cache\dev\editor\bundled\index.js:52618:38)
    at eval (C:\ProgramData\cocos\editors\Creator\3.8.5\resources\resources\3d\engine\bin\.cache\dev\editor\bundled\index.js:52219:15)
    at _Deserializer._deserializeFireClass (C:\ProgramData\cocos\editors\Creator\3.8.5\resources\resources\3d\engine\bin\.cache\dev\editor\bundled\index.js:52601:11)
    at _Deserializer._deserializeInto (C:\ProgramData\cocos\editors\Creator\3.8.5\resources\resources\3d\engine\bin\.cache\dev\editor\bundled\index.js:52543:18)
    at _Deserializer._deserializeTypeTaggedObject (C:\ProgramData\cocos\editors\Creator\3.8.5\resources\resources\3d\engine\bin\.cache\dev\editor\bundled\index.js:52515:18)
    at _Deserializer._deserializeObject (C:\ProgramData\cocos\editors\Creator\3.8.5\resources\resources\3d\engine\bin\.cache\dev\editor\bundled\index.js:52451:29)
    at _Deserializer.deserialize (C:\ProgramData\cocos\editors\Creator\3.8.5\resources\resources\3d\engine\bin\.cache\dev\editor\bundled\index.js:52423:42)
    at deserializeDynamic (C:\ProgramData\cocos\editors\Creator\3.8.5\resources\resources\3d\engine\bin\.cache\dev\editor\bundled\index.js:52273:30)
    at deserialize (C:\ProgramData\cocos\editors\Creator\3.8.5\resources\resources\3d\engine\bin\.cache\dev\editor\bundled\index.js:53104:13)
    at deserializeAsset (C:\ProgramData\cocos\editors\Creator\3.8.5\resources\resources\3d\engine\bin\.cache\dev\editor\bundled\index.js:117758:15)
    at parseImport (C:\ProgramData\cocos\editors\Creator\3.8.5\resources\resources\3d\engine\bin\.cache\dev\editor\bundled\index.js:119943:22)
    at Parser.parse (C:\ProgramData\cocos\editors\Creator\3.8.5\resources\resources\3d\engine\bin\.cache\dev\editor\bundled\index.js:120025:11)
    at parse (C:\ProgramData\cocos\editors\Creator\3.8.5\resources\resources\3d\engine\bin\.cache\dev\editor\bundled\index.js:119473:20)
    at Pipeline._flow (C:\ProgramData\cocos\editors\Creator\3.8.5\resources\resources\3d\engine\bin\.cache\dev\editor\bundled\index.js:120308:11)
    at eval (C:\ProgramData\cocos\editors\Creator\3.8.5\resources\resources\3d\engine\bin\.cache\dev\editor\bundled\index.js:120318:22)
2025. 2. 6. 14:02:59 - error: [Scene] Script "9e2caMeYzFGm6FLEMS8fAn8" attached to "bad" is missing or invalid. Detailed information:
Node path: "Canvas/bad"
Script file: "C:\Users\박은혁\NewProject\assets\scripts\bad.ts"
Script deleted time: "2025. 2. 6. 오후 2:02:59"
Script UUID: "9e2ca31e-6331-469b-a14b-10c4bc7c09fc"
Class ID: "9e2caMeYzFGm6FLEMS8fAn8"
Error: [Scene] Script "9e2caMeYzFGm6FLEMS8fAn8" attached to "bad" is missing or invalid. Detailed information:
Node path: "Canvas/bad"
Script file: "C:\Users\박은혁\NewProject\assets\scripts\bad.ts"
Script deleted time: "2025. 2. 6. 오후 2:02:59"
Script UUID: "9e2ca31e-6331-469b-a14b-10c4bc7c09fc"
Class ID: "9e2caMeYzFGm6FLEMS8fAn8"

    at console.error (C:\ProgramData\cocos\editors\Creator\3.8.5\resources\app.asar\node_modules\@sentry\src\instrument\console.ts:40:20)
    at report (C:\ProgramData\cocos\editors\Creator\3.8.5\resources\app.asar\builtin\engine\dist\editor-extends\missing-reporter\missing-class-reporter.ccc:7:25)
    at reportByWalker (C:\ProgramData\cocos\editors\Creator\3.8.5\resources\app.asar\builtin\engine\dist\editor-extends\missing-reporter\missing-class-reporter.ccc:7:127)
2025. 2. 6. 14:03:11 - warn: [Scene] Missing class: 9e2caMeYzFGm6FLEMS8fAn8Error: [Scene] Missing class: 9e2caMeYzFGm6FLEMS8fAn8
    at console.warn (C:\ProgramData\cocos\editors\Creator\3.8.5\resources\app.asar\node_modules\@sentry\src\instrument\console.ts:40:20)
    at Object.classFinder (C:\ProgramData\cocos\editors\Creator\3.8.5\resources\app.asar\builtin\engine\dist\editor-extends\missing-reporter\missing-class-reporter.ccc:7:982)
    at _Deserializer.classFinder [as _classFinder] (C:\ProgramData\cocos\editors\Creator\3.8.5\resources\resources\3d\engine\bin\.cache\dev\editor\bundled\index.js:117745:34)
    at _Deserializer._deserializeTypeTaggedObject (C:\ProgramData\cocos\editors\Creator\3.8.5\resources\resources\3d\engine\bin\.cache\dev\editor\bundled\index.js:52497:30)
    at _Deserializer._deserializeObject (C:\ProgramData\cocos\editors\Creator\3.8.5\resources\resources\3d\engine\bin\.cache\dev\editor\bundled\index.js:52451:29)
    at _Deserializer._deserializeAndAssignField (C:\ProgramData\cocos\editors\Creator\3.8.5\resources\resources\3d\engine\bin\.cache\dev\editor\bundled\index.js:52618:38)
    at _Deserializer._deserializeArray (C:\ProgramData\cocos\editors\Creator\3.8.5\resources\resources\3d\engine\bin\.cache\dev\editor\bundled\index.js:52479:40)
    at _Deserializer._deserializeObject (C:\ProgramData\cocos\editors\Creator\3.8.5\resources\resources\3d\engine\bin\.cache\dev\editor\bundled\index.js:52457:29)
    at _Deserializer._deserializeAndAssignField (C:\ProgramData\cocos\editors\Creator\3.8.5\resources\resources\3d\engine\bin\.cache\dev\editor\bundled\index.js:52630:36)
    at eval (C:\ProgramData\cocos\editors\Creator\3.8.5\resources\resources\3d\engine\bin\.cache\dev\editor\bundled\index.js:52219:15)
    at _Deserializer._deserializeFireClass (C:\ProgramData\cocos\editors\Creator\3.8.5\resources\resources\3d\engine\bin\.cache\dev\editor\bundled\index.js:52601:11)
    at _Deserializer._deserializeInto (C:\ProgramData\cocos\editors\Creator\3.8.5\resources\resources\3d\engine\bin\.cache\dev\editor\bundled\index.js:52543:18)
    at _Deserializer._deserializeTypeTaggedObject (C:\ProgramData\cocos\editors\Creator\3.8.5\resources\resources\3d\engine\bin\.cache\dev\editor\bundled\index.js:52515:18)
    at _Deserializer._deserializeObject (C:\ProgramData\cocos\editors\Creator\3.8.5\resources\resources\3d\engine\bin\.cache\dev\editor\bundled\index.js:52451:29)
    at _Deserializer._deserializeAndAssignField (C:\ProgramData\cocos\editors\Creator\3.8.5\resources\resources\3d\engine\bin\.cache\dev\editor\bundled\index.js:52618:38)
    at _Deserializer._deserializeArray (C:\ProgramData\cocos\editors\Creator\3.8.5\resources\resources\3d\engine\bin\.cache\dev\editor\bundled\index.js:52479:40)
    at _Deserializer._deserializeObject (C:\ProgramData\cocos\editors\Creator\3.8.5\resources\resources\3d\engine\bin\.cache\dev\editor\bundled\index.js:52457:29)
    at _Deserializer._deserializeAndAssignField (C:\ProgramData\cocos\editors\Creator\3.8.5\resources\resources\3d\engine\bin\.cache\dev\editor\bundled\index.js:52630:36)
    at eval (C:\ProgramData\cocos\editors\Creator\3.8.5\resources\resources\3d\engine\bin\.cache\dev\editor\bundled\index.js:52219:15)
    at _Deserializer._deserializeFireClass (C:\ProgramData\cocos\editors\Creator\3.8.5\resources\resources\3d\engine\bin\.cache\dev\editor\bundled\index.js:52601:11)
    at _Deserializer._deserializeInto (C:\ProgramData\cocos\editors\Creator\3.8.5\resources\resources\3d\engine\bin\.cache\dev\editor\bundled\index.js:52543:18)
    at _Deserializer._deserializeTypeTaggedObject (C:\ProgramData\cocos\editors\Creator\3.8.5\resources\resources\3d\engine\bin\.cache\dev\editor\bundled\index.js:52515:18)
    at _Deserializer._deserializeObject (C:\ProgramData\cocos\editors\Creator\3.8.5\resources\resources\3d\engine\bin\.cache\dev\editor\bundled\index.js:52451:29)
    at _Deserializer._deserializeAndAssignField (C:\ProgramData\cocos\editors\Creator\3.8.5\resources\resources\3d\engine\bin\.cache\dev\editor\bundled\index.js:52618:38)
    at _Deserializer._deserializeArray (C:\ProgramData\cocos\editors\Creator\3.8.5\resources\resources\3d\engine\bin\.cache\dev\editor\bundled\index.js:52479:40)
    at _Deserializer._deserializeObject (C:\ProgramData\cocos\editors\Creator\3.8.5\resources\resources\3d\engine\bin\.cache\dev\editor\bundled\index.js:52457:29)
    at _Deserializer._deserializeAndAssignField (C:\ProgramData\cocos\editors\Creator\3.8.5\resources\resources\3d\engine\bin\.cache\dev\editor\bundled\index.js:52630:36)
    at eval (C:\ProgramData\cocos\editors\Creator\3.8.5\resources\resources\3d\engine\bin\.cache\dev\editor\bundled\index.js:52219:15)
    at _Deserializer._deserializeFireClass (C:\ProgramData\cocos\editors\Creator\3.8.5\resources\resources\3d\engine\bin\.cache\dev\editor\bundled\index.js:52601:11)
    at _Deserializer._deserializeInto (C:\ProgramData\cocos\editors\Creator\3.8.5\resources\resources\3d\engine\bin\.cache\dev\editor\bundled\index.js:52543:18)
    at _Deserializer._deserializeTypeTaggedObject (C:\ProgramData\cocos\editors\Creator\3.8.5\resources\resources\3d\engine\bin\.cache\dev\editor\bundled\index.js:52515:18)
    at _Deserializer._deserializeObject (C:\ProgramData\cocos\editors\Creator\3.8.5\resources\resources\3d\engine\bin\.cache\dev\editor\bundled\index.js:52451:29)
    at _Deserializer._deserializeAndAssignField (C:\ProgramData\cocos\editors\Creator\3.8.5\resources\resources\3d\engine\bin\.cache\dev\editor\bundled\index.js:52618:38)
    at eval (C:\ProgramData\cocos\editors\Creator\3.8.5\resources\resources\3d\engine\bin\.cache\dev\editor\bundled\index.js:52219:15)
    at _Deserializer._deserializeFireClass (C:\ProgramData\cocos\editors\Creator\3.8.5\resources\resources\3d\engine\bin\.cache\dev\editor\bundled\index.js:52601:11)
    at _Deserializer._deserializeInto (C:\ProgramData\cocos\editors\Creator\3.8.5\resources\resources\3d\engine\bin\.cache\dev\editor\bundled\index.js:52543:18)
    at _Deserializer._deserializeTypeTaggedObject (C:\ProgramData\cocos\editors\Creator\3.8.5\resources\resources\3d\engine\bin\.cache\dev\editor\bundled\index.js:52515:18)
    at _Deserializer._deserializeObject (C:\ProgramData\cocos\editors\Creator\3.8.5\resources\resources\3d\engine\bin\.cache\dev\editor\bundled\index.js:52451:29)
    at _Deserializer.deserialize (C:\ProgramData\cocos\editors\Creator\3.8.5\resources\resources\3d\engine\bin\.cache\dev\editor\bundled\index.js:52423:42)
    at deserializeDynamic (C:\ProgramData\cocos\editors\Creator\3.8.5\resources\resources\3d\engine\bin\.cache\dev\editor\bundled\index.js:52273:30)
    at deserialize (C:\ProgramData\cocos\editors\Creator\3.8.5\resources\resources\3d\engine\bin\.cache\dev\editor\bundled\index.js:53104:13)
    at deserializeAsset (C:\ProgramData\cocos\editors\Creator\3.8.5\resources\resources\3d\engine\bin\.cache\dev\editor\bundled\index.js:117758:15)
    at parseImport (C:\ProgramData\cocos\editors\Creator\3.8.5\resources\resources\3d\engine\bin\.cache\dev\editor\bundled\index.js:119943:22)
    at Parser.parse (C:\ProgramData\cocos\editors\Creator\3.8.5\resources\resources\3d\engine\bin\.cache\dev\editor\bundled\index.js:120025:11)
    at parse (C:\ProgramData\cocos\editors\Creator\3.8.5\resources\resources\3d\engine\bin\.cache\dev\editor\bundled\index.js:119473:20)
    at Pipeline._flow (C:\ProgramData\cocos\editors\Creator\3.8.5\resources\resources\3d\engine\bin\.cache\dev\editor\bundled\index.js:120308:11)
    at eval (C:\ProgramData\cocos\editors\Creator\3.8.5\resources\resources\3d\engine\bin\.cache\dev\editor\bundled\index.js:120318:22)
2025. 2. 6. 14:03:11 - error: [Scene] Script "9e2caMeYzFGm6FLEMS8fAn8" attached to "bad" is missing or invalid. Detailed information:
Node path: "Canvas/bad"
Script file: "C:\Users\박은혁\NewProject\assets\scripts\bad.ts"
Script deleted time: "2025. 2. 6. 오후 2:02:59"
Script UUID: "9e2ca31e-6331-469b-a14b-10c4bc7c09fc"
Class ID: "9e2caMeYzFGm6FLEMS8fAn8"
Error: [Scene] Script "9e2caMeYzFGm6FLEMS8fAn8" attached to "bad" is missing or invalid. Detailed information:
Node path: "Canvas/bad"
Script file: "C:\Users\박은혁\NewProject\assets\scripts\bad.ts"
Script deleted time: "2025. 2. 6. 오후 2:02:59"
Script UUID: "9e2ca31e-6331-469b-a14b-10c4bc7c09fc"
Class ID: "9e2caMeYzFGm6FLEMS8fAn8"

    at console.error (C:\ProgramData\cocos\editors\Creator\3.8.5\resources\app.asar\node_modules\@sentry\src\instrument\console.ts:40:20)
    at report (C:\ProgramData\cocos\editors\Creator\3.8.5\resources\app.asar\builtin\engine\dist\editor-extends\missing-reporter\missing-class-reporter.ccc:7:25)
    at reportByWalker (C:\ProgramData\cocos\editors\Creator\3.8.5\resources\app.asar\builtin\engine\dist\editor-extends\missing-reporter\missing-class-reporter.ccc:7:127)
2025. 2. 6. 14:03:12 - warn: [Assets] Please set the application in {preferences} -> {program} -> {scriptEditor} to better open the scriptWarn: [Assets] Please set the application in {preferences} -> {program} -> {scriptEditor} to better open the script
    at console.warn (C:\ProgramData\cocos\editors\Creator\3.8.5\resources\app.asar\node_modules\@sentry\src\instrument\console.ts:40:20)
    at NewConsole.warn (C:\ProgramData\cocos\editors\Creator\3.8.5\resources\app.asar\builtin\asset-db\dist\worker\console.ccc:1:1510)
    at findVsCode (C:\ProgramData\cocos\editors\Creator\3.8.5\resources\app.asar\modules\engine-extensions\extensions\engine-extends\dist\handler\utils.ccc:1:3546)
    at Object.openCode [as open] (C:\ProgramData\cocos\editors\Creator\3.8.5\resources\app.asar\modules\engine-extensions\extensions\engine-extends\dist\handler\utils.ccc:1:3282)
    at Ipc.<anonymous> (C:\ProgramData\cocos\editors\Creator\3.8.5\resources\app.asar\builtin\asset-db\dist\worker\ipc.ccc:1:530)
2025. 2. 6. 14:10:10 - warn: [Assets] Please set the application in {preferences} -> {program} -> {scriptEditor} to better open the scriptWarn: [Assets] Please set the application in {preferences} -> {program} -> {scriptEditor} to better open the script
    at console.warn (C:\ProgramData\cocos\editors\Creator\3.8.5\resources\app.asar\node_modules\@sentry\src\instrument\console.ts:40:20)
    at NewConsole.warn (C:\ProgramData\cocos\editors\Creator\3.8.5\resources\app.asar\builtin\asset-db\dist\worker\console.ccc:1:1510)
    at findVsCode (C:\ProgramData\cocos\editors\Creator\3.8.5\resources\app.asar\modules\engine-extensions\extensions\engine-extends\dist\handler\utils.ccc:1:3546)
    at Object.openCode [as open] (C:\ProgramData\cocos\editors\Creator\3.8.5\resources\app.asar\modules\engine-extensions\extensions\engine-extends\dist\handler\utils.ccc:1:3282)
    at Ipc.<anonymous> (C:\ProgramData\cocos\editors\Creator\3.8.5\resources\app.asar\builtin\asset-db\dist\worker\ipc.ccc:1:530)
